# JRE version: Java(TM) SE Runtime Environment (17.0.12+8) (build 17.0.12+8-LTS-286)
# Java VM: Java HotSpot(TM) 64-Bit Server VM (17.0.12+8-LTS-286, mixed mode, emulated-client, sharing, tiered, compressed oops, compressed class ptrs, g1 gc, windows-amd64)
GC Precious Log:
 CPUs: 4 total, 4 available
 Memory: 3948M
 Large Page Support: Disabled
 NUMA Support: Disabled
 Compressed Oops: Enabled (32-bit)
 Heap Region Size: 1M
 Heap Min Capacity: 8M
 Heap Initial Capacity: 62M
 Heap Max Capacity: 988M
 Pre-touch: Disabled
 Parallel Workers: 4
 Concurrent Workers: 1
 Concurrent Refinement Workers: 4
 Periodic GC: Disabled
Heap:
 garbage-first heap   total 89088K, used 32376K [0x00000000c2400000, 0x0000000100000000)
  region size 1024K, 4 young (4096K), 4 survivors (4096K)
 Metaspace       used 75946K, committed 76480K, reserved 1179648K
  class space    used 11199K, committed 11392K, reserved 1048576K
GC Heap History (20 events):
Event: 1251.142 GC heap after
{Heap after GC invocations=29 (full 2):
 garbage-first heap   total 78848K, used 33025K [0x00000000c2400000, 0x0000000100000000)
  region size 1024K, 3 young (3072K), 3 survivors (3072K)
 Metaspace       used 75570K, committed 76096K, reserved 1114112K
  class space    used 11176K, committed 11392K, reserved 1048576K
}
Event: 1251.288 GC heap before
{Heap before GC invocations=29 (full 2):
 garbage-first heap   total 78848K, used 34049K [0x00000000c2400000, 0x0000000100000000)
  region size 1024K, 4 young (4096K), 3 survivors (3072K)
 Metaspace       used 75570K, committed 76096K, reserved 1114112K
  class space    used 11176K, committed 11392K, reserved 1048576K
}
Event: 1251.529 GC heap after
{Heap after GC invocations=30 (full 2):
 garbage-first heap   total 157696K, used 33524K [0x00000000c2400000, 0x0000000100000000)
  region size 1024K, 1 young (1024K), 1 survivors (1024K)
 Metaspace       used 75570K, committed 76096K, reserved 1114112K
  class space    used 11176K, committed 11392K, reserved 1048576K
}
Event: 1252.142 GC heap before
{Heap before GC invocations=30 (full 2):
 garbage-first heap   total 157696K, used 39668K [0x00000000c2400000, 0x0000000100000000)
  region size 1024K, 7 young (7168K), 1 survivors (1024K)
 Metaspace       used 75572K, committed 76096K, reserved 1114112K
  class space    used 11176K, committed 11392K, reserved 1048576K
}
Event: 1252.146 GC heap after
{Heap after GC invocations=31 (full 2):
 garbage-first heap   total 157696K, used 33495K [0x00000000c2400000, 0x0000000100000000)
  region size 1024K, 1 young (1024K), 1 survivors (1024K)
 Metaspace       used 75572K, committed 76096K, reserved 1114112K
  class space    used 11176K, committed 11392K, reserved 1048576K
}
Event: 1266.111 GC heap before
{Heap before GC invocations=31 (full 2):
 garbage-first heap   total 157696K, used 43735K [0x00000000c2400000, 0x0000000100000000)
  region size 1024K, 12 young (12288K), 1 survivors (1024K)
 Metaspace       used 75637K, committed 76160K, reserved 1114112K
  class space    used 11184K, committed 11392K, reserved 1048576K
}
Event: 1266.115 GC heap after
{Heap after GC invocations=32 (full 2):
 garbage-first heap   total 157696K, used 35109K [0x00000000c2400000, 0x0000000100000000)
  region size 1024K, 2 young (2048K), 2 survivors (2048K)
 Metaspace       used 75637K, committed 76160K, reserved 1114112K
  class space    used 11184K, committed 11392K, reserved 1048576K
}
Event: 1266.503 GC heap before
{Heap before GC invocations=32 (full 2):
 garbage-first heap   total 157696K, used 40229K [0x00000000c2400000, 0x0000000100000000)
  region size 1024K, 7 young (7168K), 2 survivors (2048K)
 Metaspace       used 75769K, committed 76288K, reserved 1179648K
  class space    used 11192K, committed 11392K, reserved 1048576K
}
Event: 1266.517 GC heap after
{Heap after GC invocations=33 (full 2):
 garbage-first heap   total 157696K, used 35372K [0x00000000c2400000, 0x0000000100000000)
  region size 1024K, 1 young (1024K), 1 survivors (1024K)
 Metaspace       used 75769K, committed 76288K, reserved 1179648K
  class space    used 11192K, committed 11392K, reserved 1048576K
}
Event: 1273.354 GC heap before
{Heap before GC invocations=33 (full 2):
 garbage-first heap   total 157696K, used 47660K [0x00000000c2400000, 0x0000000100000000)
  region size 1024K, 13 young (13312K), 1 survivors (1024K)
 Metaspace       used 75769K, committed 76288K, reserved 1179648K
  class space    used 11192K, committed 11392K, reserved 1048576K
}
Event: 1273.359 GC heap after
{Heap after GC invocations=34 (full 2):
 garbage-first heap   total 157696K, used 35866K [0x00000000c2400000, 0x0000000100000000)
  region size 1024K, 2 young (2048K), 2 survivors (2048K)
 Metaspace       used 75769K, committed 76288K, reserved 1179648K
  class space    used 11192K, committed 11392K, reserved 1048576K
}
Event: 1527.081 GC heap before
{Heap before GC invocations=34 (full 2):
 garbage-first heap   total 157696K, used 53274K [0x00000000c2400000, 0x0000000100000000)
  region size 1024K, 19 young (19456K), 2 survivors (2048K)
 Metaspace       used 75769K, committed 76288K, reserved 1179648K
  class space    used 11192K, committed 11392K, reserved 1048576K
}
Event: 1527.156 GC heap after
{Heap after GC invocations=35 (full 2):
 garbage-first heap   total 157696K, used 35848K [0x00000000c2400000, 0x0000000100000000)
  region size 1024K, 2 young (2048K), 2 survivors (2048K)
 Metaspace       used 75769K, committed 76288K, reserved 1179648K
  class space    used 11192K, committed 11392K, reserved 1048576K
}
Event: 1955.246 GC heap before
{Heap before GC invocations=35 (full 2):
 garbage-first heap   total 157696K, used 64520K [0x00000000c2400000, 0x0000000100000000)
  region size 1024K, 30 young (30720K), 2 survivors (2048K)
 Metaspace       used 75769K, committed 76288K, reserved 1179648K
  class space    used 11192K, committed 11392K, reserved 1048576K
}
Event: 1955.343 GC heap after
{Heap after GC invocations=36 (full 2):
 garbage-first heap   total 157696K, used 35545K [0x00000000c2400000, 0x0000000100000000)
  region size 1024K, 1 young (1024K), 1 survivors (1024K)
 Metaspace       used 75769K, committed 76288K, reserved 1179648K
  class space    used 11192K, committed 11392K, reserved 1048576K
}
Event: 2271.898 GC heap before
{Heap before GC invocations=36 (full 2):
 garbage-first heap   total 157696K, used 58073K [0x00000000c2400000, 0x0000000100000000)
  region size 1024K, 24 young (24576K), 1 survivors (1024K)
 Metaspace       used 75772K, committed 76288K, reserved 1179648K
  class space    used 11193K, committed 11392K, reserved 1048576K
}
Event: 2281.277 GC heap after
{Heap after GC invocations=37 (full 3):
 garbage-first heap   total 89088K, used 24656K [0x00000000c2400000, 0x0000000100000000)
  region size 1024K, 0 young (0K), 0 survivors (0K)
 Metaspace       used 75678K, committed 76288K, reserved 1179648K
  class space    used 11172K, committed 11392K, reserved 1048576K
}
Event: 2284.845 GC heap before
{Heap before GC invocations=37 (full 3):
 garbage-first heap   total 89088K, used 68688K [0x00000000c2400000, 0x0000000100000000)
  region size 1024K, 44 young (45056K), 0 survivors (0K)
 Metaspace       used 75749K, committed 76288K, reserved 1179648K
  class space    used 11184K, committed 11392K, reserved 1048576K
}
Event: 2284.931 GC heap after
{Heap after GC invocations=38 (full 3):
 garbage-first heap   total 89088K, used 29716K [0x00000000c2400000, 0x0000000100000000)
  region size 1024K, 5 young (5120K), 5 survivors (5120K)
 Metaspace       used 75749K, committed 76288K, reserved 1179648K
  class space    used 11184K, committed 11392K, reserved 1048576K
}
Event: 2457.900 GC heap before
{Heap before GC invocations=38 (full 3):
 garbage-first heap   total 89088K, used 68628K [0x00000000c2400000, 0x0000000100000000)
  region size 1024K, 43 young (44032K), 5 survivors (5120K)
 Metaspace       used 75946K, committed 76480K, reserved 1179648K
  class space    used 11199K, committed 11392K, reserved 1048576K
}

